<?xml version="1.0" encoding="UTF-8"?>
<testsuite xmlns:xsi="http://www.w3.org/2001/XMLSchema-instance" xsi:noNamespaceSchemaLocation="https://maven.apache.org/surefire/maven-surefire-plugin/xsd/surefire-test-report-3.0.xsd" version="3.0" name="de.openknowledge.sample.address.AddressValidationServiceTest" time="4.273" tests="2" errors="0" skipped="0" failures="0">
  <properties>
    <property name="gopherProxySet" value="false"/>
    <property name="awt.toolkit" value="sun.lwawt.macosx.LWCToolkit"/>
    <property name="java.specification.version" value="11"/>
    <property name="sun.cpu.isalist" value=""/>
    <property name="sun.jnu.encoding" value="UTF-8"/>
    <property name="java.class.path" value="/Users/arne/Documents/presentations/git/workshops/workshop-consumer-driven-contract-testing-workspace/workshop-consumer-driven-contract-testing/apps/address-validation-service/target/test-classes:/Users/arne/Documents/presentations/git/workshops/workshop-consumer-driven-contract-testing-workspace/workshop-consumer-driven-contract-testing/apps/address-validation-service/target/classes:/Users/arne/.m2/repository/org/apache/meecrowave/meecrowave-specs-api/1.2.13/meecrowave-specs-api-1.2.13.jar:/Users/arne/.m2/repository/org/apache/commons/commons-lang3/3.9/commons-lang3-3.9.jar:/Users/arne/.m2/repository/org/junit/jupiter/junit-jupiter-api/5.8.2/junit-jupiter-api-5.8.2.jar:/Users/arne/.m2/repository/org/opentest4j/opentest4j/1.2.0/opentest4j-1.2.0.jar:/Users/arne/.m2/repository/org/junit/platform/junit-platform-commons/1.8.2/junit-platform-commons-1.8.2.jar:/Users/arne/.m2/repository/org/apiguardian/apiguardian-api/1.1.2/apiguardian-api-1.1.2.jar:/Users/arne/.m2/repository/org/junit/jupiter/junit-jupiter-engine/5.8.2/junit-jupiter-engine-5.8.2.jar:/Users/arne/.m2/repository/org/junit/platform/junit-platform-engine/1.8.2/junit-platform-engine-1.8.2.jar:/Users/arne/.m2/repository/org/assertj/assertj-core/3.22.0/assertj-core-3.22.0.jar:/Users/arne/.m2/repository/au/com/dius/pact/provider/junit5/4.3.5/junit5-4.3.5.jar:/Users/arne/.m2/repository/au/com/dius/pact/core/support/4.3.5/support-4.3.5.jar:/Users/arne/.m2/repository/io/github/microutils/kotlin-logging-jvm/2.0.10/kotlin-logging-jvm-2.0.10.jar:/Users/arne/.m2/repository/org/apache/httpcomponents/client5/httpclient5/5.1/httpclient5-5.1.jar:/Users/arne/.m2/repository/org/apache/httpcomponents/core5/httpcore5/5.1.1/httpcore5-5.1.1.jar:/Users/arne/.m2/repository/org/apache/httpcomponents/core5/httpcore5-h2/5.1.1/httpcore5-h2-5.1.1.jar:/Users/arne/.m2/repository/commons-codec/commons-codec/1.15/commons-codec-1.15.jar:/Users/arne/.m2/repository/com/michael-bull/kotlin-result/kotlin-result-jvm/1.1.12/kotlin-result-jvm-1.1.12.jar:/Users/arne/.m2/repository/org/antlr/antlr4/4.9.2/antlr4-4.9.2.jar:/Users/arne/.m2/repository/org/antlr/antlr4-runtime/4.9.2/antlr4-runtime-4.9.2.jar:/Users/arne/.m2/repository/org/antlr/antlr-runtime/3.5.2/antlr-runtime-3.5.2.jar:/Users/arne/.m2/repository/org/antlr/ST4/4.3/ST4-4.3.jar:/Users/arne/.m2/repository/org/abego/treelayout/org.abego.treelayout.core/1.0.3/org.abego.treelayout.core-1.0.3.jar:/Users/arne/.m2/repository/org/glassfish/javax.json/1.0.4/javax.json-1.0.4.jar:/Users/arne/.m2/repository/com/ibm/icu/icu4j/61.1/icu4j-61.1.jar:/Users/arne/.m2/repository/com/google/code/findbugs/jsr305/3.0.2/jsr305-3.0.2.jar:/Users/arne/.m2/repository/org/apache/httpcomponents/client5/httpclient5-fluent/5.1/httpclient5-fluent-5.1.jar:/Users/arne/.m2/repository/au/com/dius/pact/provider/4.3.5/provider-4.3.5.jar:/Users/arne/.m2/repository/au/com/dius/pact/core/model/4.3.5/model-4.3.5.jar:/Users/arne/.m2/repository/com/github/mifmif/generex/1.0.2/generex-1.0.2.jar:/Users/arne/.m2/repository/dk/brics/automaton/automaton/1.11-8/automaton-1.11-8.jar:/Users/arne/.m2/repository/javax/mail/mail/1.5.0-b01/mail-1.5.0-b01.jar:/Users/arne/.m2/repository/javax/activation/activation/1.1/activation-1.1.jar:/Users/arne/.m2/repository/org/apache/tika/tika-core/1.27/tika-core-1.27.jar:/Users/arne/.m2/repository/jakarta/xml/bind/jakarta.xml.bind-api/2.3.3/jakarta.xml.bind-api-2.3.3.jar:/Users/arne/.m2/repository/jakarta/activation/jakarta.activation-api/1.2.2/jakarta.activation-api-1.2.2.jar:/Users/arne/.m2/repository/io/ktor/ktor-http-jvm/1.6.1/ktor-http-jvm-1.6.1.jar:/Users/arne/.m2/repository/org/jetbrains/kotlin/kotlin-stdlib-jdk7/1.5.10/kotlin-stdlib-jdk7-1.5.10.jar:/Users/arne/.m2/repository/org/jetbrains/kotlinx/kotlinx-coroutines-core-jvm/1.5.0-native-mt/kotlinx-coroutines-core-jvm-1.5.0-native-mt.jar:/Users/arne/.m2/repository/io/ktor/ktor-utils-jvm/1.6.1/ktor-utils-jvm-1.6.1.jar:/Users/arne/.m2/repository/io/ktor/ktor-io-jvm/1.6.1/ktor-io-jvm-1.6.1.jar:/Users/arne/.m2/repository/commons-beanutils/commons-beanutils/1.9.4/commons-beanutils-1.9.4.jar:/Users/arne/.m2/repository/commons-logging/commons-logging/1.2/commons-logging-1.2.jar:/Users/arne/.m2/repository/commons-collections/commons-collections/3.2.2/commons-collections-3.2.2.jar:/Users/arne/.m2/repository/au/com/dius/pact/core/matchers/4.3.5/matchers-4.3.5.jar:/Users/arne/.m2/repository/com/googlecode/java-diff-utils/diffutils/1.3.0/diffutils-1.3.0.jar:/Users/arne/.m2/repository/xerces/xercesImpl/2.12.1/xercesImpl-2.12.1.jar:/Users/arne/.m2/repository/xml-apis/xml-apis/1.4.01/xml-apis-1.4.01.jar:/Users/arne/.m2/repository/org/atteo/evo-inflector/1.3/evo-inflector-1.3.jar:/Users/arne/.m2/repository/com/github/zafarkhaja/java-semver/0.9.0/java-semver-0.9.0.jar:/Users/arne/.m2/repository/au/com/dius/pact/core/pactbroker/4.3.5/pactbroker-4.3.5.jar:/Users/arne/.m2/repository/org/jetbrains/kotlin/kotlin-stdlib-jdk8/1.5.31/kotlin-stdlib-jdk8-1.5.31.jar:/Users/arne/.m2/repository/com/google/guava/guava/30.1.1-jre/guava-30.1.1-jre.jar:/Users/arne/.m2/repository/com/google/guava/failureaccess/1.0.1/failureaccess-1.0.1.jar:/Users/arne/.m2/repository/com/google/guava/listenablefuture/9999.0-empty-to-avoid-conflict-with-guava/listenablefuture-9999.0-empty-to-avoid-conflict-with-guava.jar:/Users/arne/.m2/repository/org/checkerframework/checker-qual/3.8.0/checker-qual-3.8.0.jar:/Users/arne/.m2/repository/com/google/errorprone/error_prone_annotations/2.5.1/error_prone_annotations-2.5.1.jar:/Users/arne/.m2/repository/com/google/j2objc/j2objc-annotations/1.3/j2objc-annotations-1.3.jar:/Users/arne/.m2/repository/io/github/classgraph/classgraph/4.8.129/classgraph-4.8.129.jar:/Users/arne/.m2/repository/commons-io/commons-io/2.11.0/commons-io-2.11.0.jar:/Users/arne/.m2/repository/org/codehaus/groovy/groovy/3.0.8/groovy-3.0.8.jar:/Users/arne/.m2/repository/com/github/ajalt/mordant/1.2.1/mordant-1.2.1.jar:/Users/arne/.m2/repository/com/github/ajalt/colormath/1.2.0/colormath-1.2.0.jar:/Users/arne/.m2/repository/com/vladsch/flexmark/flexmark/0.62.2/flexmark-0.62.2.jar:/Users/arne/.m2/repository/com/vladsch/flexmark/flexmark-util-ast/0.62.2/flexmark-util-ast-0.62.2.jar:/Users/arne/.m2/repository/com/vladsch/flexmark/flexmark-util-builder/0.62.2/flexmark-util-builder-0.62.2.jar:/Users/arne/.m2/repository/com/vladsch/flexmark/flexmark-util-collection/0.62.2/flexmark-util-collection-0.62.2.jar:/Users/arne/.m2/repository/com/vladsch/flexmark/flexmark-util-data/0.62.2/flexmark-util-data-0.62.2.jar:/Users/arne/.m2/repository/com/vladsch/flexmark/flexmark-util-dependency/0.62.2/flexmark-util-dependency-0.62.2.jar:/Users/arne/.m2/repository/com/vladsch/flexmark/flexmark-util-format/0.62.2/flexmark-util-format-0.62.2.jar:/Users/arne/.m2/repository/com/vladsch/flexmark/flexmark-util-html/0.62.2/flexmark-util-html-0.62.2.jar:/Users/arne/.m2/repository/com/vladsch/flexmark/flexmark-util-misc/0.62.2/flexmark-util-misc-0.62.2.jar:/Users/arne/.m2/repository/com/vladsch/flexmark/flexmark-util-sequence/0.62.2/flexmark-util-sequence-0.62.2.jar:/Users/arne/.m2/repository/com/vladsch/flexmark/flexmark-util-visitor/0.62.2/flexmark-util-visitor-0.62.2.jar:/Users/arne/.m2/repository/com/vladsch/flexmark/flexmark-ext-tables/0.62.2/flexmark-ext-tables-0.62.2.jar:/Users/arne/.m2/repository/com/vladsch/flexmark/flexmark-util/0.62.2/flexmark-util-0.62.2.jar:/Users/arne/.m2/repository/com/vladsch/flexmark/flexmark-util-options/0.62.2/flexmark-util-options-0.62.2.jar:/Users/arne/.m2/repository/org/apache/commons/commons-collections4/4.4/commons-collections4-4.4.jar:/Users/arne/.m2/repository/io/pact/plugin/driver/core/0.0.9/core-0.0.9.jar:/Users/arne/.m2/repository/com/vdurmont/semver4j/3.1.0/semver4j-3.1.0.jar:/Users/arne/.m2/repository/io/grpc/grpc-protobuf/1.42.0/grpc-protobuf-1.42.0.jar:/Users/arne/.m2/repository/io/grpc/grpc-api/1.42.0/grpc-api-1.42.0.jar:/Users/arne/.m2/repository/io/grpc/grpc-context/1.42.0/grpc-context-1.42.0.jar:/Users/arne/.m2/repository/com/google/protobuf/protobuf-java/3.17.2/protobuf-java-3.17.2.jar:/Users/arne/.m2/repository/com/google/api/grpc/proto-google-common-protos/2.0.1/proto-google-common-protos-2.0.1.jar:/Users/arne/.m2/repository/io/grpc/grpc-protobuf-lite/1.42.0/grpc-protobuf-lite-1.42.0.jar:/Users/arne/.m2/repository/io/grpc/grpc-stub/1.42.0/grpc-stub-1.42.0.jar:/Users/arne/.m2/repository/io/grpc/grpc-netty/1.42.0/grpc-netty-1.42.0.jar:/Users/arne/.m2/repository/io/grpc/grpc-core/1.42.0/grpc-core-1.42.0.jar:/Users/arne/.m2/repository/com/google/code/gson/gson/2.8.6/gson-2.8.6.jar:/Users/arne/.m2/repository/com/google/android/annotations/4.1.1.4/annotations-4.1.1.4.jar:/Users/arne/.m2/repository/org/codehaus/mojo/animal-sniffer-annotations/1.19/animal-sniffer-annotations-1.19.jar:/Users/arne/.m2/repository/io/netty/netty-codec-http2/4.1.63.Final/netty-codec-http2-4.1.63.Final.jar:/Users/arne/.m2/repository/io/netty/netty-common/4.1.63.Final/netty-common-4.1.63.Final.jar:/Users/arne/.m2/repository/io/netty/netty-buffer/4.1.63.Final/netty-buffer-4.1.63.Final.jar:/Users/arne/.m2/repository/io/netty/netty-transport/4.1.63.Final/netty-transport-4.1.63.Final.jar:/Users/arne/.m2/repository/io/netty/netty-resolver/4.1.63.Final/netty-resolver-4.1.63.Final.jar:/Users/arne/.m2/repository/io/netty/netty-codec/4.1.63.Final/netty-codec-4.1.63.Final.jar:/Users/arne/.m2/repository/io/netty/netty-handler/4.1.63.Final/netty-handler-4.1.63.Final.jar:/Users/arne/.m2/repository/io/netty/netty-codec-http/4.1.63.Final/netty-codec-http-4.1.63.Final.jar:/Users/arne/.m2/repository/io/netty/netty-handler-proxy/4.1.63.Final/netty-handler-proxy-4.1.63.Final.jar:/Users/arne/.m2/repository/io/netty/netty-codec-socks/4.1.63.Final/netty-codec-socks-4.1.63.Final.jar:/Users/arne/.m2/repository/io/perfmark/perfmark-api/0.23.0/perfmark-api-0.23.0.jar:/Users/arne/.m2/repository/javax/annotation/javax.annotation-api/1.3.2/javax.annotation-api-1.3.2.jar:/Users/arne/.m2/repository/javax/json/javax.json-api/1.1.4/javax.json-api-1.1.4.jar:/Users/arne/.m2/repository/org/jetbrains/kotlin/kotlin-stdlib/1.5.31/kotlin-stdlib-1.5.31.jar:/Users/arne/.m2/repository/org/jetbrains/annotations/13.0/annotations-13.0.jar:/Users/arne/.m2/repository/org/jetbrains/kotlin/kotlin-stdlib-common/1.5.31/kotlin-stdlib-common-1.5.31.jar:/Users/arne/.m2/repository/org/jetbrains/kotlin/kotlin-reflect/1.5.31/kotlin-reflect-1.5.31.jar:/Users/arne/.m2/repository/org/slf4j/slf4j-api/1.7.32/slf4j-api-1.7.32.jar:/Users/arne/.m2/repository/org/apache/meecrowave/meecrowave-junit/1.2.13/meecrowave-junit-1.2.13.jar:/Users/arne/.m2/repository/org/apache/meecrowave/meecrowave-core/1.2.13/meecrowave-core-1.2.13.jar:/Users/arne/.m2/repository/org/apache/tomcat/tomcat-jaspic-api/9.0.56/tomcat-jaspic-api-9.0.56.jar:/Users/arne/.m2/repository/org/apache/xbean/xbean-finder-shaded/4.20/xbean-finder-shaded-4.20.jar:/Users/arne/.m2/repository/org/apache/xbean/xbean-asm9-shaded/4.20/xbean-asm9-shaded-4.20.jar:/Users/arne/.m2/repository/org/apache/xbean/xbean-reflect/4.20/xbean-reflect-4.20.jar:/Users/arne/.m2/repository/org/apache/openwebbeans/openwebbeans-spi/2.0.25/openwebbeans-spi-2.0.25.jar:/Users/arne/.m2/repository/org/apache/openwebbeans/openwebbeans-web/2.0.25/openwebbeans-web-2.0.25.jar:/Users/arne/.m2/repository/org/apache/openwebbeans/openwebbeans-impl/2.0.25/openwebbeans-impl-2.0.25.jar:/Users/arne/.m2/repository/org/apache/openwebbeans/openwebbeans-el22/2.0.25/openwebbeans-el22-2.0.25.jar:/Users/arne/.m2/repository/org/apache/tomcat/tomcat-catalina/9.0.56/tomcat-catalina-9.0.56.jar:/Users/arne/.m2/repository/org/apache/tomcat/tomcat-juli/9.0.56/tomcat-juli-9.0.56.jar:/Users/arne/.m2/repository/org/apache/tomcat/tomcat-api/9.0.56/tomcat-api-9.0.56.jar:/Users/arne/.m2/repository/org/apache/tomcat/tomcat-jni/9.0.56/tomcat-jni-9.0.56.jar:/Users/arne/.m2/repository/org/apache/tomcat/tomcat-coyote/9.0.56/tomcat-coyote-9.0.56.jar:/Users/arne/.m2/repository/org/apache/tomcat/tomcat-util/9.0.56/tomcat-util-9.0.56.jar:/Users/arne/.m2/repository/org/apache/tomcat/tomcat-util-scan/9.0.56/tomcat-util-scan-9.0.56.jar:/Users/arne/.m2/repository/org/apache/cxf/cxf-rt-frontend-jaxrs/3.4.5/cxf-rt-frontend-jaxrs-3.4.5.jar:/Users/arne/.m2/repository/org/apache/cxf/cxf-core/3.4.5/cxf-core-3.4.5.jar:/Users/arne/.m2/repository/org/apache/cxf/cxf-rt-transports-http/3.4.5/cxf-rt-transports-http-3.4.5.jar:/Users/arne/.m2/repository/org/apache/cxf/cxf-rt-security/3.4.5/cxf-rt-security-3.4.5.jar:/Users/arne/.m2/repository/org/apache/cxf/cxf-integration-cdi/3.4.5/cxf-integration-cdi-3.4.5.jar:/Users/arne/.m2/repository/org/apache/cxf/cxf-rt-rs-client/3.4.5/cxf-rt-rs-client-3.4.5.jar:/Users/arne/.m2/repository/org/apache/johnzon/johnzon-jsonb/1.2.14/johnzon-jsonb-1.2.14.jar:/Users/arne/.m2/repository/org/apache/johnzon/johnzon-mapper/1.2.14/johnzon-mapper-1.2.14.jar:/Users/arne/.m2/repository/org/apache/johnzon/johnzon-core/1.2.14/johnzon-core-1.2.14.jar:/Users/arne/.m2/repository/org/apache/logging/log4j/log4j-api/2.16.0/log4j-api-2.16.0.jar:/Users/arne/.m2/repository/org/apache/logging/log4j/log4j-core/2.16.0/log4j-core-2.16.0.jar:/Users/arne/.m2/repository/org/apache/logging/log4j/log4j-jul/2.16.0/log4j-jul-2.16.0.jar:"/>
    <property name="log4j.shutdownHookEnabled" value="false"/>
    <property name="java.vm.vendor" value="Oracle Corporation"/>
    <property name="sun.arch.data.model" value="64"/>
    <property name="catalina.useNaming" value="false"/>
    <property name="java.vendor.url" value="http://java.oracle.com/"/>
    <property name="user.timezone" value="Europe/Berlin"/>
    <property name="java.vm.specification.version" value="11"/>
    <property name="os.name" value="Mac OS X"/>
    <property name="sun.java.launcher" value="SUN_STANDARD"/>
    <property name="user.country" value="DE"/>
    <property name="sun.boot.library.path" value="/Library/Java/JavaVirtualMachines/jdk-11.0.5.jdk/Contents/Home/lib"/>
    <property name="sun.java.command" value="/Users/arne/Documents/presentations/git/workshops/workshop-consumer-driven-contract-testing-workspace/workshop-consumer-driven-contract-testing/apps/address-validation-service/target/surefire/surefirebooter3068279729893299189.jar /Users/arne/Documents/presentations/git/workshops/workshop-consumer-driven-contract-testing-workspace/workshop-consumer-driven-contract-testing/apps/address-validation-service/target/surefire 2023-09-25T15-39-19_167-jvmRun1 surefire9613777228615757274tmp surefire_013941277451890473505tmp"/>
    <property name="http.nonProxyHosts" value="local|*.local|169.254/16|*.169.254/16"/>
    <property name="jdk.debug" value="release"/>
    <property name="surefire.test.class.path" value="/Users/arne/Documents/presentations/git/workshops/workshop-consumer-driven-contract-testing-workspace/workshop-consumer-driven-contract-testing/apps/address-validation-service/target/test-classes:/Users/arne/Documents/presentations/git/workshops/workshop-consumer-driven-contract-testing-workspace/workshop-consumer-driven-contract-testing/apps/address-validation-service/target/classes:/Users/arne/.m2/repository/org/apache/meecrowave/meecrowave-specs-api/1.2.13/meecrowave-specs-api-1.2.13.jar:/Users/arne/.m2/repository/org/apache/commons/commons-lang3/3.9/commons-lang3-3.9.jar:/Users/arne/.m2/repository/org/junit/jupiter/junit-jupiter-api/5.8.2/junit-jupiter-api-5.8.2.jar:/Users/arne/.m2/repository/org/opentest4j/opentest4j/1.2.0/opentest4j-1.2.0.jar:/Users/arne/.m2/repository/org/junit/platform/junit-platform-commons/1.8.2/junit-platform-commons-1.8.2.jar:/Users/arne/.m2/repository/org/apiguardian/apiguardian-api/1.1.2/apiguardian-api-1.1.2.jar:/Users/arne/.m2/repository/org/junit/jupiter/junit-jupiter-engine/5.8.2/junit-jupiter-engine-5.8.2.jar:/Users/arne/.m2/repository/org/junit/platform/junit-platform-engine/1.8.2/junit-platform-engine-1.8.2.jar:/Users/arne/.m2/repository/org/assertj/assertj-core/3.22.0/assertj-core-3.22.0.jar:/Users/arne/.m2/repository/au/com/dius/pact/provider/junit5/4.3.5/junit5-4.3.5.jar:/Users/arne/.m2/repository/au/com/dius/pact/core/support/4.3.5/support-4.3.5.jar:/Users/arne/.m2/repository/io/github/microutils/kotlin-logging-jvm/2.0.10/kotlin-logging-jvm-2.0.10.jar:/Users/arne/.m2/repository/org/apache/httpcomponents/client5/httpclient5/5.1/httpclient5-5.1.jar:/Users/arne/.m2/repository/org/apache/httpcomponents/core5/httpcore5/5.1.1/httpcore5-5.1.1.jar:/Users/arne/.m2/repository/org/apache/httpcomponents/core5/httpcore5-h2/5.1.1/httpcore5-h2-5.1.1.jar:/Users/arne/.m2/repository/commons-codec/commons-codec/1.15/commons-codec-1.15.jar:/Users/arne/.m2/repository/com/michael-bull/kotlin-result/kotlin-result-jvm/1.1.12/kotlin-result-jvm-1.1.12.jar:/Users/arne/.m2/repository/org/antlr/antlr4/4.9.2/antlr4-4.9.2.jar:/Users/arne/.m2/repository/org/antlr/antlr4-runtime/4.9.2/antlr4-runtime-4.9.2.jar:/Users/arne/.m2/repository/org/antlr/antlr-runtime/3.5.2/antlr-runtime-3.5.2.jar:/Users/arne/.m2/repository/org/antlr/ST4/4.3/ST4-4.3.jar:/Users/arne/.m2/repository/org/abego/treelayout/org.abego.treelayout.core/1.0.3/org.abego.treelayout.core-1.0.3.jar:/Users/arne/.m2/repository/org/glassfish/javax.json/1.0.4/javax.json-1.0.4.jar:/Users/arne/.m2/repository/com/ibm/icu/icu4j/61.1/icu4j-61.1.jar:/Users/arne/.m2/repository/com/google/code/findbugs/jsr305/3.0.2/jsr305-3.0.2.jar:/Users/arne/.m2/repository/org/apache/httpcomponents/client5/httpclient5-fluent/5.1/httpclient5-fluent-5.1.jar:/Users/arne/.m2/repository/au/com/dius/pact/provider/4.3.5/provider-4.3.5.jar:/Users/arne/.m2/repository/au/com/dius/pact/core/model/4.3.5/model-4.3.5.jar:/Users/arne/.m2/repository/com/github/mifmif/generex/1.0.2/generex-1.0.2.jar:/Users/arne/.m2/repository/dk/brics/automaton/automaton/1.11-8/automaton-1.11-8.jar:/Users/arne/.m2/repository/javax/mail/mail/1.5.0-b01/mail-1.5.0-b01.jar:/Users/arne/.m2/repository/javax/activation/activation/1.1/activation-1.1.jar:/Users/arne/.m2/repository/org/apache/tika/tika-core/1.27/tika-core-1.27.jar:/Users/arne/.m2/repository/jakarta/xml/bind/jakarta.xml.bind-api/2.3.3/jakarta.xml.bind-api-2.3.3.jar:/Users/arne/.m2/repository/jakarta/activation/jakarta.activation-api/1.2.2/jakarta.activation-api-1.2.2.jar:/Users/arne/.m2/repository/io/ktor/ktor-http-jvm/1.6.1/ktor-http-jvm-1.6.1.jar:/Users/arne/.m2/repository/org/jetbrains/kotlin/kotlin-stdlib-jdk7/1.5.10/kotlin-stdlib-jdk7-1.5.10.jar:/Users/arne/.m2/repository/org/jetbrains/kotlinx/kotlinx-coroutines-core-jvm/1.5.0-native-mt/kotlinx-coroutines-core-jvm-1.5.0-native-mt.jar:/Users/arne/.m2/repository/io/ktor/ktor-utils-jvm/1.6.1/ktor-utils-jvm-1.6.1.jar:/Users/arne/.m2/repository/io/ktor/ktor-io-jvm/1.6.1/ktor-io-jvm-1.6.1.jar:/Users/arne/.m2/repository/commons-beanutils/commons-beanutils/1.9.4/commons-beanutils-1.9.4.jar:/Users/arne/.m2/repository/commons-logging/commons-logging/1.2/commons-logging-1.2.jar:/Users/arne/.m2/repository/commons-collections/commons-collections/3.2.2/commons-collections-3.2.2.jar:/Users/arne/.m2/repository/au/com/dius/pact/core/matchers/4.3.5/matchers-4.3.5.jar:/Users/arne/.m2/repository/com/googlecode/java-diff-utils/diffutils/1.3.0/diffutils-1.3.0.jar:/Users/arne/.m2/repository/xerces/xercesImpl/2.12.1/xercesImpl-2.12.1.jar:/Users/arne/.m2/repository/xml-apis/xml-apis/1.4.01/xml-apis-1.4.01.jar:/Users/arne/.m2/repository/org/atteo/evo-inflector/1.3/evo-inflector-1.3.jar:/Users/arne/.m2/repository/com/github/zafarkhaja/java-semver/0.9.0/java-semver-0.9.0.jar:/Users/arne/.m2/repository/au/com/dius/pact/core/pactbroker/4.3.5/pactbroker-4.3.5.jar:/Users/arne/.m2/repository/org/jetbrains/kotlin/kotlin-stdlib-jdk8/1.5.31/kotlin-stdlib-jdk8-1.5.31.jar:/Users/arne/.m2/repository/com/google/guava/guava/30.1.1-jre/guava-30.1.1-jre.jar:/Users/arne/.m2/repository/com/google/guava/failureaccess/1.0.1/failureaccess-1.0.1.jar:/Users/arne/.m2/repository/com/google/guava/listenablefuture/9999.0-empty-to-avoid-conflict-with-guava/listenablefuture-9999.0-empty-to-avoid-conflict-with-guava.jar:/Users/arne/.m2/repository/org/checkerframework/checker-qual/3.8.0/checker-qual-3.8.0.jar:/Users/arne/.m2/repository/com/google/errorprone/error_prone_annotations/2.5.1/error_prone_annotations-2.5.1.jar:/Users/arne/.m2/repository/com/google/j2objc/j2objc-annotations/1.3/j2objc-annotations-1.3.jar:/Users/arne/.m2/repository/io/github/classgraph/classgraph/4.8.129/classgraph-4.8.129.jar:/Users/arne/.m2/repository/commons-io/commons-io/2.11.0/commons-io-2.11.0.jar:/Users/arne/.m2/repository/org/codehaus/groovy/groovy/3.0.8/groovy-3.0.8.jar:/Users/arne/.m2/repository/com/github/ajalt/mordant/1.2.1/mordant-1.2.1.jar:/Users/arne/.m2/repository/com/github/ajalt/colormath/1.2.0/colormath-1.2.0.jar:/Users/arne/.m2/repository/com/vladsch/flexmark/flexmark/0.62.2/flexmark-0.62.2.jar:/Users/arne/.m2/repository/com/vladsch/flexmark/flexmark-util-ast/0.62.2/flexmark-util-ast-0.62.2.jar:/Users/arne/.m2/repository/com/vladsch/flexmark/flexmark-util-builder/0.62.2/flexmark-util-builder-0.62.2.jar:/Users/arne/.m2/repository/com/vladsch/flexmark/flexmark-util-collection/0.62.2/flexmark-util-collection-0.62.2.jar:/Users/arne/.m2/repository/com/vladsch/flexmark/flexmark-util-data/0.62.2/flexmark-util-data-0.62.2.jar:/Users/arne/.m2/repository/com/vladsch/flexmark/flexmark-util-dependency/0.62.2/flexmark-util-dependency-0.62.2.jar:/Users/arne/.m2/repository/com/vladsch/flexmark/flexmark-util-format/0.62.2/flexmark-util-format-0.62.2.jar:/Users/arne/.m2/repository/com/vladsch/flexmark/flexmark-util-html/0.62.2/flexmark-util-html-0.62.2.jar:/Users/arne/.m2/repository/com/vladsch/flexmark/flexmark-util-misc/0.62.2/flexmark-util-misc-0.62.2.jar:/Users/arne/.m2/repository/com/vladsch/flexmark/flexmark-util-sequence/0.62.2/flexmark-util-sequence-0.62.2.jar:/Users/arne/.m2/repository/com/vladsch/flexmark/flexmark-util-visitor/0.62.2/flexmark-util-visitor-0.62.2.jar:/Users/arne/.m2/repository/com/vladsch/flexmark/flexmark-ext-tables/0.62.2/flexmark-ext-tables-0.62.2.jar:/Users/arne/.m2/repository/com/vladsch/flexmark/flexmark-util/0.62.2/flexmark-util-0.62.2.jar:/Users/arne/.m2/repository/com/vladsch/flexmark/flexmark-util-options/0.62.2/flexmark-util-options-0.62.2.jar:/Users/arne/.m2/repository/org/apache/commons/commons-collections4/4.4/commons-collections4-4.4.jar:/Users/arne/.m2/repository/io/pact/plugin/driver/core/0.0.9/core-0.0.9.jar:/Users/arne/.m2/repository/com/vdurmont/semver4j/3.1.0/semver4j-3.1.0.jar:/Users/arne/.m2/repository/io/grpc/grpc-protobuf/1.42.0/grpc-protobuf-1.42.0.jar:/Users/arne/.m2/repository/io/grpc/grpc-api/1.42.0/grpc-api-1.42.0.jar:/Users/arne/.m2/repository/io/grpc/grpc-context/1.42.0/grpc-context-1.42.0.jar:/Users/arne/.m2/repository/com/google/protobuf/protobuf-java/3.17.2/protobuf-java-3.17.2.jar:/Users/arne/.m2/repository/com/google/api/grpc/proto-google-common-protos/2.0.1/proto-google-common-protos-2.0.1.jar:/Users/arne/.m2/repository/io/grpc/grpc-protobuf-lite/1.42.0/grpc-protobuf-lite-1.42.0.jar:/Users/arne/.m2/repository/io/grpc/grpc-stub/1.42.0/grpc-stub-1.42.0.jar:/Users/arne/.m2/repository/io/grpc/grpc-netty/1.42.0/grpc-netty-1.42.0.jar:/Users/arne/.m2/repository/io/grpc/grpc-core/1.42.0/grpc-core-1.42.0.jar:/Users/arne/.m2/repository/com/google/code/gson/gson/2.8.6/gson-2.8.6.jar:/Users/arne/.m2/repository/com/google/android/annotations/4.1.1.4/annotations-4.1.1.4.jar:/Users/arne/.m2/repository/org/codehaus/mojo/animal-sniffer-annotations/1.19/animal-sniffer-annotations-1.19.jar:/Users/arne/.m2/repository/io/netty/netty-codec-http2/4.1.63.Final/netty-codec-http2-4.1.63.Final.jar:/Users/arne/.m2/repository/io/netty/netty-common/4.1.63.Final/netty-common-4.1.63.Final.jar:/Users/arne/.m2/repository/io/netty/netty-buffer/4.1.63.Final/netty-buffer-4.1.63.Final.jar:/Users/arne/.m2/repository/io/netty/netty-transport/4.1.63.Final/netty-transport-4.1.63.Final.jar:/Users/arne/.m2/repository/io/netty/netty-resolver/4.1.63.Final/netty-resolver-4.1.63.Final.jar:/Users/arne/.m2/repository/io/netty/netty-codec/4.1.63.Final/netty-codec-4.1.63.Final.jar:/Users/arne/.m2/repository/io/netty/netty-handler/4.1.63.Final/netty-handler-4.1.63.Final.jar:/Users/arne/.m2/repository/io/netty/netty-codec-http/4.1.63.Final/netty-codec-http-4.1.63.Final.jar:/Users/arne/.m2/repository/io/netty/netty-handler-proxy/4.1.63.Final/netty-handler-proxy-4.1.63.Final.jar:/Users/arne/.m2/repository/io/netty/netty-codec-socks/4.1.63.Final/netty-codec-socks-4.1.63.Final.jar:/Users/arne/.m2/repository/io/perfmark/perfmark-api/0.23.0/perfmark-api-0.23.0.jar:/Users/arne/.m2/repository/javax/annotation/javax.annotation-api/1.3.2/javax.annotation-api-1.3.2.jar:/Users/arne/.m2/repository/javax/json/javax.json-api/1.1.4/javax.json-api-1.1.4.jar:/Users/arne/.m2/repository/org/jetbrains/kotlin/kotlin-stdlib/1.5.31/kotlin-stdlib-1.5.31.jar:/Users/arne/.m2/repository/org/jetbrains/annotations/13.0/annotations-13.0.jar:/Users/arne/.m2/repository/org/jetbrains/kotlin/kotlin-stdlib-common/1.5.31/kotlin-stdlib-common-1.5.31.jar:/Users/arne/.m2/repository/org/jetbrains/kotlin/kotlin-reflect/1.5.31/kotlin-reflect-1.5.31.jar:/Users/arne/.m2/repository/org/slf4j/slf4j-api/1.7.32/slf4j-api-1.7.32.jar:/Users/arne/.m2/repository/org/apache/meecrowave/meecrowave-junit/1.2.13/meecrowave-junit-1.2.13.jar:/Users/arne/.m2/repository/org/apache/meecrowave/meecrowave-core/1.2.13/meecrowave-core-1.2.13.jar:/Users/arne/.m2/repository/org/apache/tomcat/tomcat-jaspic-api/9.0.56/tomcat-jaspic-api-9.0.56.jar:/Users/arne/.m2/repository/org/apache/xbean/xbean-finder-shaded/4.20/xbean-finder-shaded-4.20.jar:/Users/arne/.m2/repository/org/apache/xbean/xbean-asm9-shaded/4.20/xbean-asm9-shaded-4.20.jar:/Users/arne/.m2/repository/org/apache/xbean/xbean-reflect/4.20/xbean-reflect-4.20.jar:/Users/arne/.m2/repository/org/apache/openwebbeans/openwebbeans-spi/2.0.25/openwebbeans-spi-2.0.25.jar:/Users/arne/.m2/repository/org/apache/openwebbeans/openwebbeans-web/2.0.25/openwebbeans-web-2.0.25.jar:/Users/arne/.m2/repository/org/apache/openwebbeans/openwebbeans-impl/2.0.25/openwebbeans-impl-2.0.25.jar:/Users/arne/.m2/repository/org/apache/openwebbeans/openwebbeans-el22/2.0.25/openwebbeans-el22-2.0.25.jar:/Users/arne/.m2/repository/org/apache/tomcat/tomcat-catalina/9.0.56/tomcat-catalina-9.0.56.jar:/Users/arne/.m2/repository/org/apache/tomcat/tomcat-juli/9.0.56/tomcat-juli-9.0.56.jar:/Users/arne/.m2/repository/org/apache/tomcat/tomcat-api/9.0.56/tomcat-api-9.0.56.jar:/Users/arne/.m2/repository/org/apache/tomcat/tomcat-jni/9.0.56/tomcat-jni-9.0.56.jar:/Users/arne/.m2/repository/org/apache/tomcat/tomcat-coyote/9.0.56/tomcat-coyote-9.0.56.jar:/Users/arne/.m2/repository/org/apache/tomcat/tomcat-util/9.0.56/tomcat-util-9.0.56.jar:/Users/arne/.m2/repository/org/apache/tomcat/tomcat-util-scan/9.0.56/tomcat-util-scan-9.0.56.jar:/Users/arne/.m2/repository/org/apache/cxf/cxf-rt-frontend-jaxrs/3.4.5/cxf-rt-frontend-jaxrs-3.4.5.jar:/Users/arne/.m2/repository/org/apache/cxf/cxf-core/3.4.5/cxf-core-3.4.5.jar:/Users/arne/.m2/repository/org/apache/cxf/cxf-rt-transports-http/3.4.5/cxf-rt-transports-http-3.4.5.jar:/Users/arne/.m2/repository/org/apache/cxf/cxf-rt-security/3.4.5/cxf-rt-security-3.4.5.jar:/Users/arne/.m2/repository/org/apache/cxf/cxf-integration-cdi/3.4.5/cxf-integration-cdi-3.4.5.jar:/Users/arne/.m2/repository/org/apache/cxf/cxf-rt-rs-client/3.4.5/cxf-rt-rs-client-3.4.5.jar:/Users/arne/.m2/repository/org/apache/johnzon/johnzon-jsonb/1.2.14/johnzon-jsonb-1.2.14.jar:/Users/arne/.m2/repository/org/apache/johnzon/johnzon-mapper/1.2.14/johnzon-mapper-1.2.14.jar:/Users/arne/.m2/repository/org/apache/johnzon/johnzon-core/1.2.14/johnzon-core-1.2.14.jar:/Users/arne/.m2/repository/org/apache/logging/log4j/log4j-api/2.16.0/log4j-api-2.16.0.jar:/Users/arne/.m2/repository/org/apache/logging/log4j/log4j-core/2.16.0/log4j-core-2.16.0.jar:/Users/arne/.m2/repository/org/apache/logging/log4j/log4j-jul/2.16.0/log4j-jul-2.16.0.jar:"/>
    <property name="sun.cpu.endian" value="little"/>
    <property name="user.home" value="/Users/arne"/>
    <property name="user.language" value="de"/>
    <property name="java.specification.vendor" value="Oracle Corporation"/>
    <property name="java.version.date" value="2019-10-15"/>
    <property name="java.home" value="/Library/Java/JavaVirtualMachines/jdk-11.0.5.jdk/Contents/Home"/>
    <property name="file.separator" value="/"/>
    <property name="basedir" value="/Users/arne/Documents/presentations/git/workshops/workshop-consumer-driven-contract-testing-workspace/workshop-consumer-driven-contract-testing/apps/address-validation-service"/>
    <property name="java.vm.compressedOopsMode" value="Zero based"/>
    <property name="line.separator" value="&#10;"/>
    <property name="java.specification.name" value="Java Platform API Specification"/>
    <property name="java.vm.specification.vendor" value="Oracle Corporation"/>
    <property name="java.awt.graphicsenv" value="sun.awt.CGraphicsEnvironment"/>
    <property name="openwebbeans.logging.factory" value="org.apache.meecrowave.logging.openwebbeans.Log4j2LoggerFactory"/>
    <property name="surefire.real.class.path" value="/Users/arne/Documents/presentations/git/workshops/workshop-consumer-driven-contract-testing-workspace/workshop-consumer-driven-contract-testing/apps/address-validation-service/target/surefire/surefirebooter3068279729893299189.jar"/>
    <property name="sun.management.compiler" value="HotSpot 64-Bit Tiered Compilers"/>
    <property name="ftp.nonProxyHosts" value="local|*.local|169.254/16|*.169.254/16"/>
    <property name="java.runtime.version" value="11.0.5+10-LTS"/>
    <property name="user.name" value="arne"/>
    <property name="org.apache.tomcat.Logger" value="org.apache.meecrowave.logging.tomcat.Log4j2Log"/>
    <property name="path.separator" value=":"/>
    <property name="os.version" value="10.16"/>
    <property name="pact.provider.version" value="1.1.0-SNAPSHOT"/>
    <property name="java.runtime.name" value="Java(TM) SE Runtime Environment"/>
    <property name="file.encoding" value="UTF-8"/>
    <property name="java.vm.name" value="Java HotSpot(TM) 64-Bit Server VM"/>
    <property name="java.vendor.version" value="18.9"/>
    <property name="localRepository" value="/Users/arne/.m2/repository"/>
    <property name="java.vendor.url.bug" value="http://bugreport.java.com/bugreport/"/>
    <property name="java.io.tmpdir" value="/var/folders/kg/yq8jrdk904x5qbs8sqzt_c9m0000gp/T/"/>
    <property name="catalina.home" value="/Users/arne/Documents/presentations/git/workshops/workshop-consumer-driven-contract-testing-workspace/workshop-consumer-driven-contract-testing/apps/address-validation-service/target/meecrowave-27705097725642"/>
    <property name="java.version" value="11.0.5"/>
    <property name="user.dir" value="/Users/arne/Documents/presentations/git/workshops/workshop-consumer-driven-contract-testing-workspace/workshop-consumer-driven-contract-testing/apps/address-validation-service"/>
    <property name="os.arch" value="x86_64"/>
    <property name="java.vm.specification.name" value="Java Virtual Machine Specification"/>
    <property name="java.awt.printerjob" value="sun.lwawt.macosx.CPrinterJob"/>
    <property name="sun.os.patch.level" value="unknown"/>
    <property name="catalina.base" value="/Users/arne/Documents/presentations/git/workshops/workshop-consumer-driven-contract-testing-workspace/workshop-consumer-driven-contract-testing/apps/address-validation-service/target/meecrowave-27705097725642"/>
    <property name="java.util.logging.manager" value="org.apache.logging.log4j.jul.LogManager"/>
    <property name="java.library.path" value="/Users/arne/Library/Java/Extensions:/Library/Java/Extensions:/Network/Library/Java/Extensions:/System/Library/Java/Extensions:/usr/lib/java:."/>
    <property name="java.vendor" value="Oracle Corporation"/>
    <property name="java.vm.info" value="mixed mode"/>
    <property name="java.vm.version" value="11.0.5+10-LTS"/>
    <property name="org.apache.cxf.Logger" value="org.apache.meecrowave.logging.jul.Log4j2Logger"/>
    <property name="sun.io.unicode.encoding" value="UnicodeBig"/>
    <property name="java.class.version" value="55.0"/>
    <property name="socksNonProxyHosts" value="local|*.local|169.254/16|*.169.254/16"/>
  </properties>
  <testcase name="pactVerificationTestTemplate(PactVerificationContext)[1]" classname="de.openknowledge.sample.address.AddressValidationServiceTest" time="1.051">
    <system-out><![CDATA[[15:39:20.690][&amp#27;[32mINFO &amp#27;[m][           main][oyote.http11.Http11NioProtocol] Initializing ProtocolHandler ["http-nio-54566"]
[15:39:20.699][&amp#27;[32mINFO &amp#27;[m][           main][.catalina.core.StandardService] Starting service [Tomcat]
[15:39:20.699][&amp#27;[32mINFO &amp#27;[m][           main][e.catalina.core.StandardEngine] Starting Servlet engine: [Apache Tomcat/9.0.56]
[15:39:20.704][&amp#27;[32mINFO &amp#27;[m][           main][oyote.http11.Http11NioProtocol] Starting ProtocolHandler ["http-nio-54566"]
[15:39:20.717][&amp#27;[32mINFO &amp#27;[m][           main][g.apache.meecrowave.Meecrowave] --------------- http://localhost:54566
[15:39:21.916][&amp#27;[32mINFO &amp#27;[m][           main][ans.OWBTomcatWebScannerService] OpenWebBeans scanning:
[15:39:21.918][&amp#27;[32mINFO &amp#27;[m][           main][ans.OWBTomcatWebScannerService]     ${maven}/ST4-4.3.jar
[15:39:21.918][&amp#27;[32mINFO &amp#27;[m][           main][ans.OWBTomcatWebScannerService]     ${maven}/annotations-13.0.jar
[15:39:21.918][&amp#27;[32mINFO &amp#27;[m][           main][ans.OWBTomcatWebScannerService]     ${maven}/annotations-4.1.1.4.jar
[15:39:21.918][&amp#27;[32mINFO &amp#27;[m][           main][ans.OWBTomcatWebScannerService]     ${maven}/antlr4-4.9.2.jar
[15:39:21.918][&amp#27;[32mINFO &amp#27;[m][           main][ans.OWBTomcatWebScannerService]     ${maven}/antlr4-runtime-4.9.2.jar
[15:39:21.918][&amp#27;[32mINFO &amp#27;[m][           main][ans.OWBTomcatWebScannerService]     ${maven}/assertj-core-3.22.0.jar
[15:39:21.918][&amp#27;[32mINFO &amp#27;[m][           main][ans.OWBTomcatWebScannerService]     ${maven}/automaton-1.11-8.jar
[15:39:21.918][&amp#27;[32mINFO &amp#27;[m][           main][ans.OWBTomcatWebScannerService]     ${maven}/classgraph-4.8.129.jar
[15:39:21.918][&amp#27;[32mINFO &amp#27;[m][           main][ans.OWBTomcatWebScannerService]     ${maven}/colormath-1.2.0.jar
[15:39:21.918][&amp#27;[32mINFO &amp#27;[m][           main][ans.OWBTomcatWebScannerService]     ${maven}/commons-collections4-4.4.jar
[15:39:21.918][&amp#27;[32mINFO &amp#27;[m][           main][ans.OWBTomcatWebScannerService]     ${maven}/core-0.0.9.jar
[15:39:21.919][&amp#27;[32mINFO &amp#27;[m][           main][ans.OWBTomcatWebScannerService]     ${maven}/cxf-integration-cdi-3.4.5.jar
[15:39:21.919][&amp#27;[32mINFO &amp#27;[m][           main][ans.OWBTomcatWebScannerService]     ${maven}/diffutils-1.3.0.jar
[15:39:21.919][&amp#27;[32mINFO &amp#27;[m][           main][ans.OWBTomcatWebScannerService]     ${maven}/evo-inflector-1.3.jar
[15:39:21.919][&amp#27;[32mINFO &amp#27;[m][           main][ans.OWBTomcatWebScannerService]     ${maven}/flexmark-0.62.2.jar
[15:39:21.919][&amp#27;[32mINFO &amp#27;[m][           main][ans.OWBTomcatWebScannerService]     ${maven}/flexmark-ext-tables-0.62.2.jar
[15:39:21.919][&amp#27;[32mINFO &amp#27;[m][           main][ans.OWBTomcatWebScannerService]     ${maven}/flexmark-util-0.62.2.jar
[15:39:21.919][&amp#27;[32mINFO &amp#27;[m][           main][ans.OWBTomcatWebScannerService]     ${maven}/flexmark-util-ast-0.62.2.jar
[15:39:21.919][&amp#27;[32mINFO &amp#27;[m][           main][ans.OWBTomcatWebScannerService]     ${maven}/flexmark-util-builder-0.62.2.jar
[15:39:21.919][&amp#27;[32mINFO &amp#27;[m][           main][ans.OWBTomcatWebScannerService]     ${maven}/flexmark-util-collection-0.62.2.jar
[15:39:21.919][&amp#27;[32mINFO &amp#27;[m][           main][ans.OWBTomcatWebScannerService]     ${maven}/flexmark-util-data-0.62.2.jar
[15:39:21.919][&amp#27;[32mINFO &amp#27;[m][           main][ans.OWBTomcatWebScannerService]     ${maven}/flexmark-util-dependency-0.62.2.jar
[15:39:21.919][&amp#27;[32mINFO &amp#27;[m][           main][ans.OWBTomcatWebScannerService]     ${maven}/flexmark-util-format-0.62.2.jar
[15:39:21.919][&amp#27;[32mINFO &amp#27;[m][           main][ans.OWBTomcatWebScannerService]     ${maven}/flexmark-util-html-0.62.2.jar
[15:39:21.920][&amp#27;[32mINFO &amp#27;[m][           main][ans.OWBTomcatWebScannerService]     ${maven}/flexmark-util-misc-0.62.2.jar
[15:39:21.920][&amp#27;[32mINFO &amp#27;[m][           main][ans.OWBTomcatWebScannerService]     ${maven}/flexmark-util-options-0.62.2.jar
[15:39:21.920][&amp#27;[32mINFO &amp#27;[m][           main][ans.OWBTomcatWebScannerService]     ${maven}/flexmark-util-sequence-0.62.2.jar
[15:39:21.920][&amp#27;[32mINFO &amp#27;[m][           main][ans.OWBTomcatWebScannerService]     ${maven}/flexmark-util-visitor-0.62.2.jar
[15:39:21.920][&amp#27;[32mINFO &amp#27;[m][           main][ans.OWBTomcatWebScannerService]     ${maven}/generex-1.0.2.jar
[15:39:21.920][&amp#27;[32mINFO &amp#27;[m][           main][ans.OWBTomcatWebScannerService]     ${maven}/grpc-api-1.42.0.jar
[15:39:21.920][&amp#27;[32mINFO &amp#27;[m][           main][ans.OWBTomcatWebScannerService]     ${maven}/grpc-context-1.42.0.jar
[15:39:21.920][&amp#27;[32mINFO &amp#27;[m][           main][ans.OWBTomcatWebScannerService]     ${maven}/grpc-core-1.42.0.jar
[15:39:21.920][&amp#27;[32mINFO &amp#27;[m][           main][ans.OWBTomcatWebScannerService]     ${maven}/grpc-netty-1.42.0.jar
[15:39:21.920][&amp#27;[32mINFO &amp#27;[m][           main][ans.OWBTomcatWebScannerService]     ${maven}/grpc-protobuf-1.42.0.jar
[15:39:21.920][&amp#27;[32mINFO &amp#27;[m][           main][ans.OWBTomcatWebScannerService]     ${maven}/grpc-protobuf-lite-1.42.0.jar
[15:39:21.920][&amp#27;[32mINFO &amp#27;[m][           main][ans.OWBTomcatWebScannerService]     ${maven}/grpc-stub-1.42.0.jar
[15:39:21.920][&amp#27;[32mINFO &amp#27;[m][           main][ans.OWBTomcatWebScannerService]     ${maven}/httpclient5-5.1.jar
[15:39:21.920][&amp#27;[32mINFO &amp#27;[m][           main][ans.OWBTomcatWebScannerService]     ${maven}/httpclient5-fluent-5.1.jar
[15:39:21.921][&amp#27;[32mINFO &amp#27;[m][           main][ans.OWBTomcatWebScannerService]     ${maven}/httpcore5-5.1.1.jar
[15:39:21.921][&amp#27;[32mINFO &amp#27;[m][           main][ans.OWBTomcatWebScannerService]     ${maven}/httpcore5-h2-5.1.1.jar
[15:39:21.921][&amp#27;[32mINFO &amp#27;[m][           main][ans.OWBTomcatWebScannerService]     ${maven}/jakarta.activation-api-1.2.2.jar
[15:39:21.921][&amp#27;[32mINFO &amp#27;[m][           main][ans.OWBTomcatWebScannerService]     ${maven}/jakarta.xml.bind-api-2.3.3.jar
[15:39:21.921][&amp#27;[32mINFO &amp#27;[m][           main][ans.OWBTomcatWebScannerService]     ${maven}/java-semver-0.9.0.jar
[15:39:21.921][&amp#27;[32mINFO &amp#27;[m][           main][ans.OWBTomcatWebScannerService]     ${maven}/kotlin-logging-jvm-2.0.10.jar
[15:39:21.921][&amp#27;[32mINFO &amp#27;[m][           main][ans.OWBTomcatWebScannerService]     ${maven}/kotlin-reflect-1.5.31.jar
[15:39:21.921][&amp#27;[32mINFO &amp#27;[m][           main][ans.OWBTomcatWebScannerService]     ${maven}/kotlin-result-jvm-1.1.12.jar
[15:39:21.921][&amp#27;[32mINFO &amp#27;[m][           main][ans.OWBTomcatWebScannerService]     ${maven}/kotlin-stdlib-1.5.31.jar
[15:39:21.921][&amp#27;[32mINFO &amp#27;[m][           main][ans.OWBTomcatWebScannerService]     ${maven}/kotlin-stdlib-common-1.5.31.jar
[15:39:21.921][&amp#27;[32mINFO &amp#27;[m][           main][ans.OWBTomcatWebScannerService]     ${maven}/kotlin-stdlib-jdk7-1.5.10.jar
[15:39:21.921][&amp#27;[32mINFO &amp#27;[m][           main][ans.OWBTomcatWebScannerService]     ${maven}/kotlin-stdlib-jdk8-1.5.31.jar
[15:39:21.922][&amp#27;[32mINFO &amp#27;[m][           main][ans.OWBTomcatWebScannerService]     ${maven}/kotlinx-coroutines-core-jvm-1.5.0-native-mt.jar
[15:39:21.922][&amp#27;[32mINFO &amp#27;[m][           main][ans.OWBTomcatWebScannerService]     ${maven}/ktor-http-jvm-1.6.1.jar
[15:39:21.922][&amp#27;[32mINFO &amp#27;[m][           main][ans.OWBTomcatWebScannerService]     ${maven}/ktor-io-jvm-1.6.1.jar
[15:39:21.922][&amp#27;[32mINFO &amp#27;[m][           main][ans.OWBTomcatWebScannerService]     ${maven}/ktor-utils-jvm-1.6.1.jar
[15:39:21.922][&amp#27;[32mINFO &amp#27;[m][           main][ans.OWBTomcatWebScannerService]     ${maven}/mail-1.5.0-b01.jar
[15:39:21.922][&amp#27;[32mINFO &amp#27;[m][           main][ans.OWBTomcatWebScannerService]     ${maven}/matchers-4.3.5.jar
[15:39:21.922][&amp#27;[32mINFO &amp#27;[m][           main][ans.OWBTomcatWebScannerService]     ${maven}/meecrowave-core-1.2.13.jar
[15:39:21.922][&amp#27;[32mINFO &amp#27;[m][           main][ans.OWBTomcatWebScannerService]     ${maven}/meecrowave-junit-1.2.13.jar
[15:39:21.922][&amp#27;[32mINFO &amp#27;[m][           main][ans.OWBTomcatWebScannerService]     ${maven}/model-4.3.5.jar
[15:39:21.922][&amp#27;[32mINFO &amp#27;[m][           main][ans.OWBTomcatWebScannerService]     ${maven}/mordant-1.2.1.jar
[15:39:21.922][&amp#27;[32mINFO &amp#27;[m][           main][ans.OWBTomcatWebScannerService]     ${maven}/org.abego.treelayout.core-1.0.3.jar
[15:39:21.922][&amp#27;[32mINFO &amp#27;[m][           main][ans.OWBTomcatWebScannerService]     ${maven}/pactbroker-4.3.5.jar
[15:39:21.922][&amp#27;[32mINFO &amp#27;[m][           main][ans.OWBTomcatWebScannerService]     ${maven}/perfmark-api-0.23.0.jar
[15:39:21.923][&amp#27;[32mINFO &amp#27;[m][           main][ans.OWBTomcatWebScannerService]     ${maven}/proto-google-common-protos-2.0.1.jar
[15:39:21.923][&amp#27;[32mINFO &amp#27;[m][           main][ans.OWBTomcatWebScannerService]     ${maven}/protobuf-java-3.17.2.jar
[15:39:21.923][&amp#27;[32mINFO &amp#27;[m][           main][ans.OWBTomcatWebScannerService]     ${maven}/provider-4.3.5.jar
[15:39:21.923][&amp#27;[32mINFO &amp#27;[m][           main][ans.OWBTomcatWebScannerService]     ${maven}/semver4j-3.1.0.jar
[15:39:21.923][&amp#27;[32mINFO &amp#27;[m][           main][ans.OWBTomcatWebScannerService]     ${maven}/support-4.3.5.jar
[15:39:21.923][&amp#27;[32mINFO &amp#27;[m][           main][ans.OWBTomcatWebScannerService]     ${maven}/tika-core-1.27.jar
[15:39:21.923][&amp#27;[32mINFO &amp#27;[m][           main][ans.OWBTomcatWebScannerService]     /Users/arne/Documents/presentations/git/workshops/workshop-consumer-driven-contract-testing-workspace/workshop-consumer-driven-contract-testing/apps/address-validation-service/target/classes/
[15:39:21.923][&amp#27;[32mINFO &amp#27;[m][           main][ans.OWBTomcatWebScannerService]     /Users/arne/Documents/presentations/git/workshops/workshop-consumer-driven-contract-testing-workspace/workshop-consumer-driven-contract-testing/apps/address-validation-service/target/test-classes/
[15:39:22.156][&amp#27;[32mINFO &amp#27;[m][           main][ifecycle.WebContainerLifecycle] OpenWebBeans Container is starting...
[15:39:22.322][&amp#27;[32mINFO &amp#27;[m][           main][.webbeans.config.BeansDeployer] All injection points were validated successfully.
[15:39:22.420][&amp#27;[32mINFO &amp#27;[m][           main][apache.cxf.endpoint.ServerImpl] Setting the server's publish address to be /
[15:39:22.455][&amp#27;[32mINFO &amp#27;[m][           main][ifecycle.WebContainerLifecycle] OpenWebBeans Container has started, it took [298] ms.
[15:39:22.493][&amp#27;[32mINFO &amp#27;[m][           main][meecrowave.cxf.CxfCdiAutoSetup] REST Application: / -> org.apache.cxf.cdi.DefaultApplication
[15:39:22.494][&amp#27;[32mINFO &amp#27;[m][           main][meecrowave.cxf.CxfCdiAutoSetup]      Service URI: /valid-addresses -> de.openknowledge.sample.address.application.AddressResource
[15:39:22.495][&amp#27;[32mINFO &amp#27;[m][           main][meecrowave.cxf.CxfCdiAutoSetup]              POST /valid-addresses ->      Response validateAddress(Address, UriInfo) throws URISyntaxException

Verifying a pact between delivery-service and address-validation-service
  [Using File src/test/pacts/delivery-service-address-validation-service.json]
  Given Three customers
  POST request for Max's address
    returns a response which
      has status code 200 (OK)
      has a matching body (OK)
]]></system-out>
    <system-err><![CDATA[SLF4J: Failed to load class "org.slf4j.impl.StaticLoggerBinder".
SLF4J: Defaulting to no-operation (NOP) logger implementation
SLF4J: See http://www.slf4j.org/codes.html#StaticLoggerBinder for further details.
Sep. 25, 2023 3:39:24 NACHM. de.openknowledge.sample.address.application.AddressResource validateAddress
INFO: RESTful call 'POST valid address'
Sep. 25, 2023 3:39:24 NACHM. de.openknowledge.sample.address.domain.AddressRepository initialize
INFO: address validation repository initialized with 8858 cities: 
]]></system-err>
  </testcase>
  <testcase name="pactVerificationTestTemplate(PactVerificationContext)[2]" classname="de.openknowledge.sample.address.AddressValidationServiceTest" time="0.062">
    <system-out><![CDATA[
Verifying a pact between delivery-service and address-validation-service
  [Using File src/test/pacts/delivery-service-address-validation-service.json]
  Given Three customers
  POST request for Sherlock's address
    returns a response which
      has status code 400 (OK)
      has a matching body (OK)
]]></system-out>
    <system-err><![CDATA[Sep. 25, 2023 3:39:24 NACHM. de.openknowledge.sample.address.application.AddressResource validateAddress
INFO: RESTful call 'POST valid address'
]]></system-err>
  </testcase>
</testsuite>